{"level":"error","message":{"content":"password changes failed ","meta":["CastError: Cast to ObjectId failed for value \"{ _id: 'undefined' }\" (type Object) at path \"_id\" for model \"User\"\n    at ObjectId.cast (E:\\Cubedots-HRMS\\cubedots-hrms-backend\\node_modules\\mongoose\\lib\\schema\\objectid.js:250:11)\n    at SchemaType.applySetters (E:\\Cubedots-HRMS\\cubedots-hrms-backend\\node_modules\\mongoose\\lib\\schematype.js:1220:12)\n    at SchemaType.castForQuery (E:\\Cubedots-HRMS\\cubedots-hrms-backend\\node_modules\\mongoose\\lib\\schematype.js:1632:15)\n    at cast (E:\\Cubedots-HRMS\\cubedots-hrms-backend\\node_modules\\mongoose\\lib\\cast.js:298:34)\n    at Query.cast (E:\\Cubedots-HRMS\\cubedots-hrms-backend\\node_modules\\mongoose\\lib\\query.js:4900:12)\n    at Query._castConditions (E:\\Cubedots-HRMS\\cubedots-hrms-backend\\node_modules\\mongoose\\lib\\query.js:2223:10)\n    at model.Query._findOne (E:\\Cubedots-HRMS\\cubedots-hrms-backend\\node_modules\\mongoose\\lib\\query.js:2510:8)\n    at model.Query.exec (E:\\Cubedots-HRMS\\cubedots-hrms-backend\\node_modules\\mongoose\\lib\\query.js:4419:28)\n    at process.processTicksAndRejections (node:internal/process/task_queues:95:5)\n    at async changePassword (E:\\Cubedots-HRMS\\cubedots-hrms-backend\\src\\controllers\\userController.js:154:25)"],"type":"USER"},"timestamp":"2023-08-23 11:48:44"}
{"level":"error","message":{"content":"password changes failed ","meta":["CastError: Cast to ObjectId failed for value \"{ _id: undefined }\" (type Object) at path \"_id\" for model \"User\"\n    at ObjectId.cast (E:\\Cubedots-HRMS\\cubedots-hrms-backend\\node_modules\\mongoose\\lib\\schema\\objectid.js:250:11)\n    at SchemaType.applySetters (E:\\Cubedots-HRMS\\cubedots-hrms-backend\\node_modules\\mongoose\\lib\\schematype.js:1220:12)\n    at SchemaType.castForQuery (E:\\Cubedots-HRMS\\cubedots-hrms-backend\\node_modules\\mongoose\\lib\\schematype.js:1632:15)\n    at cast (E:\\Cubedots-HRMS\\cubedots-hrms-backend\\node_modules\\mongoose\\lib\\cast.js:298:34)\n    at Query.cast (E:\\Cubedots-HRMS\\cubedots-hrms-backend\\node_modules\\mongoose\\lib\\query.js:4900:12)\n    at Query._castConditions (E:\\Cubedots-HRMS\\cubedots-hrms-backend\\node_modules\\mongoose\\lib\\query.js:2223:10)\n    at model.Query._findOne (E:\\Cubedots-HRMS\\cubedots-hrms-backend\\node_modules\\mongoose\\lib\\query.js:2510:8)\n    at model.Query.exec (E:\\Cubedots-HRMS\\cubedots-hrms-backend\\node_modules\\mongoose\\lib\\query.js:4419:28)\n    at process.processTicksAndRejections (node:internal/process/task_queues:95:5)\n    at async changePassword (E:\\Cubedots-HRMS\\cubedots-hrms-backend\\src\\controllers\\userController.js:154:25)"],"type":"USER"},"timestamp":"2023-08-23 11:49:07"}
{"level":"error","message":{"content":"password changes failed ","meta":["CastError: Cast to ObjectId failed for value \"{ _id: undefined }\" (type Object) at path \"_id\" for model \"User\"\n    at ObjectId.cast (E:\\Cubedots-HRMS\\cubedots-hrms-backend\\node_modules\\mongoose\\lib\\schema\\objectid.js:250:11)\n    at SchemaType.applySetters (E:\\Cubedots-HRMS\\cubedots-hrms-backend\\node_modules\\mongoose\\lib\\schematype.js:1220:12)\n    at SchemaType.castForQuery (E:\\Cubedots-HRMS\\cubedots-hrms-backend\\node_modules\\mongoose\\lib\\schematype.js:1632:15)\n    at cast (E:\\Cubedots-HRMS\\cubedots-hrms-backend\\node_modules\\mongoose\\lib\\cast.js:298:34)\n    at Query.cast (E:\\Cubedots-HRMS\\cubedots-hrms-backend\\node_modules\\mongoose\\lib\\query.js:4900:12)\n    at Query._castConditions (E:\\Cubedots-HRMS\\cubedots-hrms-backend\\node_modules\\mongoose\\lib\\query.js:2223:10)\n    at model.Query._findOne (E:\\Cubedots-HRMS\\cubedots-hrms-backend\\node_modules\\mongoose\\lib\\query.js:2510:8)\n    at model.Query.exec (E:\\Cubedots-HRMS\\cubedots-hrms-backend\\node_modules\\mongoose\\lib\\query.js:4419:28)\n    at process.processTicksAndRejections (node:internal/process/task_queues:95:5)\n    at async changePassword (E:\\Cubedots-HRMS\\cubedots-hrms-backend\\src\\controllers\\userController.js:154:25)"],"type":"USER"},"timestamp":"2023-08-23 11:49:45"}
{"level":"error","message":{"content":"password changes failed ","meta":["CastError: Cast to ObjectId failed for value \"{ _id: undefined }\" (type Object) at path \"_id\" for model \"User\"\n    at ObjectId.cast (E:\\Cubedots-HRMS\\cubedots-hrms-backend\\node_modules\\mongoose\\lib\\schema\\objectid.js:250:11)\n    at SchemaType.applySetters (E:\\Cubedots-HRMS\\cubedots-hrms-backend\\node_modules\\mongoose\\lib\\schematype.js:1220:12)\n    at SchemaType.castForQuery (E:\\Cubedots-HRMS\\cubedots-hrms-backend\\node_modules\\mongoose\\lib\\schematype.js:1632:15)\n    at cast (E:\\Cubedots-HRMS\\cubedots-hrms-backend\\node_modules\\mongoose\\lib\\cast.js:298:34)\n    at Query.cast (E:\\Cubedots-HRMS\\cubedots-hrms-backend\\node_modules\\mongoose\\lib\\query.js:4900:12)\n    at Query._castConditions (E:\\Cubedots-HRMS\\cubedots-hrms-backend\\node_modules\\mongoose\\lib\\query.js:2223:10)\n    at model.Query._findOne (E:\\Cubedots-HRMS\\cubedots-hrms-backend\\node_modules\\mongoose\\lib\\query.js:2510:8)\n    at model.Query.exec (E:\\Cubedots-HRMS\\cubedots-hrms-backend\\node_modules\\mongoose\\lib\\query.js:4419:28)\n    at process.processTicksAndRejections (node:internal/process/task_queues:95:5)\n    at async changePassword (E:\\Cubedots-HRMS\\cubedots-hrms-backend\\src\\controllers\\userController.js:154:25)"],"type":"USER"},"timestamp":"2023-08-23 12:20:47"}
{"level":"debug","message":{"content":{"email":"mukul.malviya@cubedots.com"},"meta":[],"type":"Sending an email"},"timestamp":"2023-08-23 14:38:06"}
{"level":"debug","message":{"content":{"email":"mukul.malviya@cubedots.com"},"meta":[],"type":"Sending an email"},"timestamp":"2023-08-23 14:59:02"}
{"level":"debug","message":{"content":{"email":"mukul.malviya@cubedots.com"},"meta":[],"type":"Sending an email"},"timestamp":"2023-08-23 14:59:46"}
{"level":"debug","message":{"content":{"email":"mukul.malviya@cubedots.com"},"meta":[],"type":"Sending an email"},"timestamp":"2023-08-23 14:59:49"}
{"level":"debug","message":{"content":{"email":"mukul.malviya@cubedots.com"},"meta":[],"type":"Sending an email"},"timestamp":"2023-08-23 15:02:57"}
{"level":"debug","message":{"content":{"email":"mukul.malviya@cubedots.com"},"meta":[],"type":"Sending an email"},"timestamp":"2023-08-23 15:10:44"}
{"level":"debug","message":{"content":{"email":"mukul.malviya@cubedots.com"},"meta":[],"type":"Sending an email"},"timestamp":"2023-08-23 15:11:34"}
{"level":"debug","message":{"content":{"email":"mukul.malviya@cubedots.com"},"meta":[],"type":"Sending an email"},"timestamp":"2023-08-23 15:11:47"}
{"level":"debug","message":{"content":{"email":"mukul.malviya@cubedots.com"},"meta":[],"type":"Sending an email"},"timestamp":"2023-08-23 15:11:50"}
{"level":"debug","message":{"content":{"email":"mukul.malviya@cubedots.com"},"meta":[],"type":"Sending an email"},"timestamp":"2023-08-23 15:12:50"}
{"level":"debug","message":{"content":{"email":"mukul.malviya@cubedots.com"},"meta":[],"type":"Sending an email"},"timestamp":"2023-08-23 15:13:54"}
{"level":"debug","message":{"content":{"email":"mukul.malviya@cubedots.com"},"meta":[],"type":"Sending an email"},"timestamp":"2023-08-23 15:14:04"}
{"level":"debug","message":{"content":{"email":"mukul.malviya@cubedots.com"},"meta":[],"type":"Sending an email"},"timestamp":"2023-08-23 15:14:36"}
{"level":"debug","message":{"content":{"email":"mukul.malviya@cubedots.com"},"meta":[],"type":"Sending an email"},"timestamp":"2023-08-23 15:14:45"}
{"level":"debug","message":{"content":{"email":"mukul.malviya@cubedots.com"},"meta":[],"type":"Sending an email"},"timestamp":"2023-08-23 15:15:38"}
{"level":"debug","message":{"content":{"email":"mukul.malviya@cubedots.com"},"meta":[],"type":"Sending an email"},"timestamp":"2023-08-23 15:19:03"}
{"level":"debug","message":{"content":{"email":"mukul.malviya@cubedots.com"},"meta":[],"type":"Sending an email"},"timestamp":"2023-08-23 15:19:40"}
{"level":"debug","message":{"content":{"email":"mukul.malviya@cubedots.com"},"meta":[],"type":"Sending an email"},"timestamp":"2023-08-23 15:20:55"}
{"level":"debug","message":{"content":{"email":"mukul.malviya@cubedots.com"},"meta":[],"type":"Sending an email"},"timestamp":"2023-08-23 15:21:33"}
{"level":"debug","message":{"content":{"email":"mukul.malviya@cubedots.com"},"meta":[],"type":"Sending an email"},"timestamp":"2023-08-23 15:24:00"}
{"level":"debug","message":{"content":{"email":"mukul.malviya@cubedots.com"},"meta":[],"type":"Sending an email"},"timestamp":"2023-08-23 15:24:55"}
{"level":"debug","message":{"content":{"email":"mukul.malviya@cubedots.com"},"meta":[],"type":"Sending an email"},"timestamp":"2023-08-23 15:43:17"}
{"level":"debug","message":{"content":{"email":"mukul.malviya@cubedots.com"},"meta":[],"type":"Sending an email"},"timestamp":"2023-08-23 15:46:53"}
{"level":"debug","message":{"content":{"email":"mukul.malviya@cubedots.com"},"meta":[],"type":"Sending an email"},"timestamp":"2023-08-23 15:47:05"}
{"level":"debug","message":{"content":{"email":"mukul.malviya@cubedots.com"},"meta":[],"type":"Sending an email"},"timestamp":"2023-08-23 15:49:07"}
{"level":"debug","message":{"content":{"email":"mukul.malviya@cubedots.com"},"meta":[],"type":"Sending an email"},"timestamp":"2023-08-23 15:51:42"}
{"level":"debug","message":{"content":{"email":"mukul.malviya@cubedots.com"},"meta":[],"type":"Sending an email"},"timestamp":"2023-08-23 16:18:28"}
{"level":"debug","message":{"content":{"email":"aniket@cubedots.com"},"meta":[],"type":"Sending an email"},"timestamp":"2023-08-23 16:26:10"}
{"level":"debug","message":{"content":{"email":"aniket@cubedots.com"},"meta":[],"type":"Sending an email"},"timestamp":"2023-08-23 16:49:40"}
{"level":"debug","message":{"content":{"email":"aniket@cubedots.com"},"meta":[],"type":"Sending an email"},"timestamp":"2023-08-23 16:53:52"}
{"level":"debug","message":{"content":{"email":"mukul@cubedots.com"},"meta":[],"type":"Sending an email"},"timestamp":"2023-08-23 17:10:26"}
